13:04:03 **** Incremental Build of configuration Release for project 02_KEYPAD ****
make all 
Building file: ../main.c
Invoking: AVR Compiler
avr-gcc -Wall -Os -fpack-struct -fshort-enums -ffunction-sections -fdata-sections -std=gnu99 -funsigned-char -funsigned-bitfields -mmcu=atmega32 -DF_CPU=8000000UL -MMD -MP -MF"main.d" -MT"main.o" -c -o "main.o" "../main.c"
Finished building: ../main.c
 
Building target: 02_KEYPAD.elf
Invoking: AVR C Linker
avr-gcc -Wl,-Map,02_KEYPAD.map -mmcu=atmega32 -o "02_KEYPAD.elf"  ./main.o   
Finished building target: 02_KEYPAD.elf
 
Invoking: AVR Create Extended Listing
avr-objdump -h -S 02_KEYPAD.elf  >"02_KEYPAD.lss"
Finished building: 02_KEYPAD.lss
 
Create Flash image (ihex format)
avr-objcopy -R .eeprom -R .fuse -R .lock -R .signature -O ihex 02_KEYPAD.elf  "02_KEYPAD.hex"
Finished building: 02_KEYPAD.hex
 
Create eeprom image (ihex format)
avr-objcopy -j .eeprom --no-change-warnings --change-section-lma .eeprom=0 -O ihex 02_KEYPAD.elf  "02_KEYPAD.eep"
Finished building: 02_KEYPAD.eep
 
Invoking: Print Size
avr-size --format=avr --mcu=atmega32 02_KEYPAD.elf
AVR Memory Usage
----------------
Device: atmega32

Program:     432 bytes (1.3% Full)
(.text + .data + .bootloader)

Data:          0 bytes (0.0% Full)
(.data + .bss + .noinit)


Finished building: sizedummy
 

13:04:04 Build Finished (took 1s.134ms)

