17:43:54 **** Incremental Build of configuration Release for project DIO_Basics ****
make all 
Building file: ../main.c
Invoking: AVR Compiler
avr-gcc -Wall -g2 -gstabs -O0 -fpack-struct -fshort-enums -ffunction-sections -fdata-sections -std=gnu99 -funsigned-char -funsigned-bitfields -mmcu=atmega32 -DF_CPU=8000000UL -MMD -MP -MF"main.d" -MT"main.o" -c -o "main.o" "../main.c"
In file included from ../main.c:8:
c:/imt_sdk_win_64/winavr/lib/gcc/../../avr/include/util/delay.h:90:3: warning: #warning "Compiler optimizations disabled; functions from <util/delay.h> won't work as designed"
Finished building: ../main.c
 
Building target: DIO_Basics.elf
Invoking: AVR C Linker
avr-gcc -Wl,-Map,DIO_Basics.map -mmcu=atmega32 -o "DIO_Basics.elf"  ./main.o   
Finished building target: DIO_Basics.elf
 
Invoking: AVR Create Extended Listing
avr-objdump -h -S DIO_Basics.elf  >"DIO_Basics.lss"
Finished building: DIO_Basics.lss
 
Create Flash image (ihex format)
avr-objcopy -R .eeprom -R .fuse -R .lock -R .signature -O ihex DIO_Basics.elf  "DIO_Basics.hex"
Finished building: DIO_Basics.hex
 
Invoking: Print Size
avr-size --format=avr --mcu=atmega32 DIO_Basics.elf
AVR Memory Usage
----------------
Device: atmega32

Program:    3300 bytes (10.1% Full)
(.text + .data + .bootloader)

Data:          8 bytes (0.4% Full)
(.data + .bss + .noinit)


Finished building: sizedummy
 

17:44:08 Build Finished (took 14s.502ms)

