20:09:13 **** Incremental Build of configuration Release for project EXTI_drivers ****
make all 
Building file: ../MCAL/EXTI/EXTI_prg.c
Invoking: AVR Compiler
avr-gcc -Wall -Os -fpack-struct -fshort-enums -ffunction-sections -fdata-sections -std=gnu99 -funsigned-char -funsigned-bitfields -mmcu=atmega32 -DF_CPU=8000000UL -MMD -MP -MF"MCAL/EXTI/EXTI_prg.d" -MT"MCAL/EXTI/EXTI_prg.o" -c -o "MCAL/EXTI/EXTI_prg.o" "../MCAL/EXTI/EXTI_prg.c"
Finished building: ../MCAL/EXTI/EXTI_prg.c
 
Building file: ../APP/main.c
Invoking: AVR Compiler
avr-gcc -Wall -Os -fpack-struct -fshort-enums -ffunction-sections -fdata-sections -std=gnu99 -funsigned-char -funsigned-bitfields -mmcu=atmega32 -DF_CPU=8000000UL -MMD -MP -MF"APP/main.d" -MT"APP/main.o" -c -o "APP/main.o" "../APP/main.c"
Finished building: ../APP/main.c
 
Building target: EXTI_drivers.elf
Invoking: AVR C Linker
avr-gcc -Wl,-Map,EXTI_drivers.map -mmcu=atmega32 -o "EXTI_drivers.elf"  ./MCAL/GIE/GIE_prg.o  ./MCAL/EXTI/EXTI_prg.o  ./MCAL/DIO/DIO_prg.o  ./HAL/SSD/SSD_prg.o  ./HAL/LCD/LCD_prg.o  ./HAL/KPD/KPD_prg.o  ./APP/main.o   
Finished building target: EXTI_drivers.elf
 
Invoking: AVR Create Extended Listing
avr-objdump -h -S EXTI_drivers.elf  >"EXTI_drivers.lss"
Finished building: EXTI_drivers.lss
 
Create Flash image (ihex format)
avr-objcopy -R .eeprom -R .fuse -R .lock -R .signature -O ihex EXTI_drivers.elf  "EXTI_drivers.hex"
Finished building: EXTI_drivers.hex
 
Create eeprom image (ihex format)
avr-objcopy -j .eeprom --no-change-warnings --change-section-lma .eeprom=0 -O ihex EXTI_drivers.elf  "EXTI_drivers.eep"
Finished building: EXTI_drivers.eep
 
Invoking: Print Size
avr-size --format=avr --mcu=atmega32 EXTI_drivers.elf
AVR Memory Usage
----------------
Device: atmega32

Program:    2094 bytes (6.4% Full)
(.text + .data + .bootloader)

Data:         10 bytes (0.5% Full)
(.data + .bss + .noinit)


Finished building: sizedummy
 

20:09:15 Build Finished (took 1s.372ms)

