10:01:38 **** Incremental Build of configuration Release for project TWI_Driver ****
make all 
Building file: ../MCAL/TWI/TWI_prg.c
Invoking: AVR Compiler
avr-gcc -Wall -Os -fpack-struct -fshort-enums -ffunction-sections -fdata-sections -std=gnu99 -funsigned-char -funsigned-bitfields -mmcu=atmega32 -DF_CPU=8000000UL -MMD -MP -MF"MCAL/TWI/TWI_prg.d" -MT"MCAL/TWI/TWI_prg.o" -c -o "MCAL/TWI/TWI_prg.o" "../MCAL/TWI/TWI_prg.c"
Finished building: ../MCAL/TWI/TWI_prg.c
 
Building target: TWI_Driver.elf
Invoking: AVR C Linker
avr-gcc -Wl,-Map,TWI_Driver.map -mmcu=atmega32 -o "TWI_Driver.elf"  ./MCAL/WDT/WDT_prg.o  ./MCAL/UART/UART_prg.o  ./MCAL/TWI/TWI_prg.o  ./MCAL/TIMERS/TIMERS_prg.o  ./MCAL/SPI/SPI_prg.o  ./MCAL/GIE/GIE_prg.o  ./MCAL/EXTI/EXTI_prg.o  ./MCAL/DIO/DIO_prg.o  ./MCAL/ADC/ADC_prg.o  ./HAL/STPR/STPR_prg.o  ./HAL/SSD/SSD_prg.o  ./HAL/LCD/LCD_prg.o  ./HAL/KPD/KPD_prg.o  ./HAL/DCM/DCM_prg.o  ./APP/main.o   
Finished building target: TWI_Driver.elf
 
Invoking: AVR Create Extended Listing
avr-objdump -h -S TWI_Driver.elf  >"TWI_Driver.lss"
Finished building: TWI_Driver.lss
 
Create Flash image (ihex format)
avr-objcopy -R .eeprom -R .fuse -R .lock -R .signature -O ihex TWI_Driver.elf  "TWI_Driver.hex"
Finished building: TWI_Driver.hex
 
Create eeprom image (ihex format)
avr-objcopy -j .eeprom --no-change-warnings --change-section-lma .eeprom=0 -O ihex TWI_Driver.elf  "TWI_Driver.eep"
Finished building: TWI_Driver.eep
 
Invoking: Print Size
avr-size --format=avr --mcu=atmega32 TWI_Driver.elf
AVR Memory Usage
----------------
Device: atmega32

Program:    4070 bytes (12.4% Full)
(.text + .data + .bootloader)

Data:         32 bytes (1.6% Full)
(.data + .bss + .noinit)


Finished building: sizedummy
 
