18:07:25 **** Incremental Build of configuration Release for project KEYPAD ****
make all 
Building file: ../main.c
Invoking: AVR Compiler
avr-gcc -Wall -Os -fpack-struct -fshort-enums -ffunction-sections -fdata-sections -std=gnu99 -funsigned-char -funsigned-bitfields -mmcu=atmega32 -DF_CPU=8000000UL -MMD -MP -MF"main.d" -MT"main.o" -c -o "main.o" "../main.c"
Finished building: ../main.c
 
Building target: KEYPAD.elf
Invoking: AVR C Linker
avr-gcc -Wl,-Map,KEYPAD.map -mmcu=atmega32 -o "KEYPAD.elf"  ./main.o   
Finished building target: KEYPAD.elf
 
Invoking: AVR Create Extended Listing
avr-objdump -h -S KEYPAD.elf  >"KEYPAD.lss"
Finished building: KEYPAD.lss
 
Create Flash image (ihex format)
avr-objcopy -R .eeprom -R .fuse -R .lock -R .signature -O ihex KEYPAD.elf  "KEYPAD.hex"
Finished building: KEYPAD.hex
 
Create eeprom image (ihex format)
avr-objcopy -j .eeprom --no-change-warnings --change-section-lma .eeprom=0 -O ihex KEYPAD.elf  "KEYPAD.eep"
Finished building: KEYPAD.eep
 
Invoking: Print Size
avr-size --format=avr --mcu=atmega32 KEYPAD.elf
AVR Memory Usage
----------------
Device: atmega32

Program:     432 bytes (1.3% Full)
(.text + .data + .bootloader)

Data:          0 bytes (0.0% Full)
(.data + .bss + .noinit)


Finished building: sizedummy
 

18:07:25 Build Finished (took 872ms)

