22:29:34 **** Incremental Build of configuration Release for project UART_Driver ****
make all 
Building file: ../MCAL/UART/UART_prg.c
Invoking: AVR Compiler
avr-gcc -Wall -Os -fpack-struct -fshort-enums -ffunction-sections -fdata-sections -std=gnu99 -funsigned-char -funsigned-bitfields -mmcu=atmega32 -DF_CPU=8000000UL -MMD -MP -MF"MCAL/UART/UART_prg.d" -MT"MCAL/UART/UART_prg.o" -c -o "MCAL/UART/UART_prg.o" "../MCAL/UART/UART_prg.c"
Finished building: ../MCAL/UART/UART_prg.c
 
Building file: ../APP/main.c
Invoking: AVR Compiler
avr-gcc -Wall -Os -fpack-struct -fshort-enums -ffunction-sections -fdata-sections -std=gnu99 -funsigned-char -funsigned-bitfields -mmcu=atmega32 -DF_CPU=8000000UL -MMD -MP -MF"APP/main.d" -MT"APP/main.o" -c -o "APP/main.o" "../APP/main.c"
Finished building: ../APP/main.c
 
Building target: UART_Driver.elf
Invoking: AVR C Linker
avr-gcc -Wl,-Map,UART_Driver.map -mmcu=atmega32 -o "UART_Driver.elf"  ./MCAL/WDT/WDT_prg.o  ./MCAL/UART/UART_prg.o  ./MCAL/TIMERS/TIMERS_prg.o  ./MCAL/GIE/GIE_prg.o  ./MCAL/EXTI/EXTI_prg.o  ./MCAL/DIO/DIO_prg.o  ./MCAL/ADC/ADC_prg.o  ./HAL/STPR/STPR_prg.o  ./HAL/SSD/SSD_prg.o  ./HAL/LCD/LCD_prg.o  ./HAL/KPD/KPD_prg.o  ./HAL/DCM/DCM_prg.o  ./APP/main.o   
Finished building target: UART_Driver.elf
 
Invoking: AVR Create Extended Listing
avr-objdump -h -S UART_Driver.elf  >"UART_Driver.lss"
Finished building: UART_Driver.lss
 
Create Flash image (ihex format)
avr-objcopy -R .eeprom -R .fuse -R .lock -R .signature -O ihex UART_Driver.elf  "UART_Driver.hex"
Finished building: UART_Driver.hex
 
Create eeprom image (ihex format)
avr-objcopy -j .eeprom --no-change-warnings --change-section-lma .eeprom=0 -O ihex UART_Driver.elf  "UART_Driver.eep"
Finished building: UART_Driver.eep
 
Invoking: Print Size
avr-size --format=avr --mcu=atmega32 UART_Driver.elf
AVR Memory Usage
----------------
Device: atmega32

Program:    3072 bytes (9.4% Full)
(.text + .data + .bootloader)

Data:         30 bytes (1.5% Full)
(.data + .bss + .noinit)


Finished building: sizedummy
 

22:29:36 Build Finished (took 1s.841ms)

